<?xml version="1.0" encoding="UTF-8"?>
<!-- Generated by org.testng.reporters.JUnitXMLReporter -->
<testsuite hostname="DESKTOP-J9M60IA" name="TC003_FreshInstallNegativeCase_Android" tests="7" failures="0" timestamp="17 Mar 2024 07:58:49 GMT" time="30.516" errors="0">
  <testcase name="unInstallAllApp" time="11.891" classname="com.impactqa.test.mobile.TC003_FreshInstallNegativeCase"/>
  <testcase name="installApp" time="5.563" classname="com.impactqa.test.mobile.TC003_FreshInstallNegativeCase"/>
  <testcase name="verifyGettingStartedPage" time="1.89" classname="com.impactqa.test.mobile.TC003_FreshInstallNegativeCase"/>
  <testcase name="verifyIntroductionPage" time="0.547" classname="com.impactqa.test.mobile.TC003_FreshInstallNegativeCase"/>
  <testcase name="verifyHowItWorksPage" time="3.766" classname="com.impactqa.test.mobile.TC003_FreshInstallNegativeCase"/>
  <testcase name="dontAllowExposureNotification" time="0.469" classname="com.impactqa.test.mobile.TC003_FreshInstallNegativeCase"/>
  <testcase name="dontAllowPushNotification" time="0.016" classname="com.impactqa.test.mobile.TC003_FreshInstallNegativeCase"/>
</testsuite> <!-- TC003_FreshInstallNegativeCase_Android -->
